[    1734ms] [WARNING] Unsatisfied version 18.2.0 from @amzn/aws-cost-management-console of shared singleton module react (required ^18.3.1) @ https://a.b.cdn.console.awsstatic.com/a/v1/V45H2ASMIZMCAPN4KCCZLJB37NGMLMQQWALOBZVGT5FQRTN4QDMQ/remoteEntry.js:1
[    1734ms] [WARNING] Unsatisfied version 18.2.0 from @amzn/aws-cost-management-console of shared singleton module react-dom (required ^18.3.1) @ https://a.b.cdn.console.awsstatic.com/a/v1/V45H2ASMIZMCAPN4KCCZLJB37NGMLMQQWALOBZVGT5FQRTN4QDMQ/remoteEntry.js:1
[    2539ms] [ERROR] Failed to load resource: the server responded with a status of 404 () @ https://account.us-east-1.amazonaws.com/getAlternateContact:0
[    2560ms] [ERROR] Failed to load resource: the server responded with a status of 400 () @ https://ce.us-east-1.amazonaws.com/:0
[    2560ms] [ERROR] Failed to load resource: the server responded with a status of 400 () @ https://ce.us-east-1.amazonaws.com/:0
[    2561ms] [ERROR] Failed to load resource: the server responded with a status of 400 () @ https://ce.us-east-1.amazonaws.com/:0
[    2570ms] [ERROR] Failed to load resource: the server responded with a status of 400 () @ https://ce.us-east-1.amazonaws.com/:0
[    2570ms] [ERROR] Failed to load resource: the server responded with a status of 400 () @ https://ce.us-east-1.amazonaws.com/:0
[    2571ms] [ERROR] ValidationException: Invalid request account 212541130437 is not on extension list
    at S2.getErrorSchemaOrThrowBaseException (https://a.b.cdn.console.awsstatic.com/a/v1/V45H2ASMIZMCAPN4KCCZLJB37NGMLMQQWALOBZVGT5FQRTN4QDMQ/133.c4d0aaaf80273cfd1223.js:2:1788940)
    at j.handleError (https://a.b.cdn.console.awsstatic.com/a/v1/V45H2ASMIZMCAPN4KCCZLJB37NGMLMQQWALOBZVGT5FQRTN4QDMQ/133.c4d0aaaf80273cfd1223.js:2:1798771)
    at j.deserializeResponse (https://a.b.cdn.console.awsstatic.com/a/v1/V45H2ASMIZMCAPN4KCCZLJB37NGMLMQQWALOBZVGT5FQRTN4QDMQ/133.c4d0aaaf80273cfd1223.js:2:1724126)
    at async https://a.b.cdn.console.awsstatic.com/a/v1/V45H2ASMIZMCAPN4KCCZLJB37NGMLMQQWALOBZVGT5FQRTN4QDMQ/133.c4d0aaaf80273cfd1223.js:2:1706042
    at async https://a.b.cdn.console.awsstatic.com/a/v1/V45H2ASMIZMCAPN4KCCZLJB37NGMLMQQWALOBZVGT5FQRTN4QDMQ/133.c4d0aaaf80273cfd1223.js:2:1698789
    at async https://a.b.cdn.console.awsstatic.com/a/v1/V45H2ASMIZMCAPN4KCCZLJB37NGMLMQQWALOBZVGT5FQRTN4QDMQ/133.c4d0aaaf80273cfd1223.js:2:1765800
    at async XE.qE.<computed>.middlewareStack.add.step (https://a.b.cdn.console.awsstatic.com/a/v1/V45H2ASMIZMCAPN4KCCZLJB37NGMLMQQWALOBZVGT5FQRTN4QDMQ/994.d16e2f784bf1dfb06125.js:2:154543) @ https://a.b.cdn.console.awsstatic.com/a/v1/V45H2ASMIZMCAPN4KCCZLJB37NGMLMQQWALOBZVGT5FQRTN4QDMQ/133.c4d0aaaf80273cfd1223.js:1
[    2579ms] [ERROR] DataUnavailableException: Cost Explorer was just enabled - it will take some time to prepare your cost and usage data.  Please check back in 24 hours
    at j.handleError (https://a.b.cdn.console.awsstatic.com/a/v1/V45H2ASMIZMCAPN4KCCZLJB37NGMLMQQWALOBZVGT5FQRTN4QDMQ/133.c4d0aaaf80273cfd1223.js:2:1798964)
    at async j.deserializeResponse (https://a.b.cdn.console.awsstatic.com/a/v1/V45H2ASMIZMCAPN4KCCZLJB37NGMLMQQWALOBZVGT5FQRTN4QDMQ/133.c4d0aaaf80273cfd1223.js:2:1724115)
    at async https://a.b.cdn.console.awsstatic.com/a/v1/V45H2ASMIZMCAPN4KCCZLJB37NGMLMQQWALOBZVGT5FQRTN4QDMQ/133.c4d0aaaf80273cfd1223.js:2:1706042
    at async https://a.b.cdn.console.awsstatic.com/a/v1/V45H2ASMIZMCAPN4KCCZLJB37NGMLMQQWALOBZVGT5FQRTN4QDMQ/133.c4d0aaaf80273cfd1223.js:2:1698789
    at async https://a.b.cdn.console.awsstatic.com/a/v1/V45H2ASMIZMCAPN4KCCZLJB37NGMLMQQWALOBZVGT5FQRTN4QDMQ/133.c4d0aaaf80273cfd1223.js:2:1765800
    at async XE.qE.<computed>.middlewareStack.add.step (https://a.b.cdn.console.awsstatic.com/a/v1/V45H2ASMIZMCAPN4KCCZLJB37NGMLMQQWALOBZVGT5FQRTN4QDMQ/994.d16e2f784bf1dfb06125.js:2:154543) @ https://a.b.cdn.console.awsstatic.com/a/v1/V45H2ASMIZMCAPN4KCCZLJB37NGMLMQQWALOBZVGT5FQRTN4QDMQ/133.c4d0aaaf80273cfd1223.js:1
[    2581ms] [ERROR] Failed to load resource: the server responded with a status of 400 () @ https://ce.us-east-1.amazonaws.com/:0
[    2581ms] [ERROR] Failed to load resource: the server responded with a status of 400 () @ https://ce.us-east-1.amazonaws.com/:0
[    2581ms] [ERROR] DataUnavailableException: Cost Explorer was just enabled - it will take some time to prepare your cost and usage data.  Please check back in 24 hours
    at j.handleError (https://a.b.cdn.console.awsstatic.com/a/v1/V45H2ASMIZMCAPN4KCCZLJB37NGMLMQQWALOBZVGT5FQRTN4QDMQ/133.c4d0aaaf80273cfd1223.js:2:1798964)
    at async j.deserializeResponse (https://a.b.cdn.console.awsstatic.com/a/v1/V45H2ASMIZMCAPN4KCCZLJB37NGMLMQQWALOBZVGT5FQRTN4QDMQ/133.c4d0aaaf80273cfd1223.js:2:1724115)
    at async https://a.b.cdn.console.awsstatic.com/a/v1/V45H2ASMIZMCAPN4KCCZLJB37NGMLMQQWALOBZVGT5FQRTN4QDMQ/133.c4d0aaaf80273cfd1223.js:2:1706042
    at async https://a.b.cdn.console.awsstatic.com/a/v1/V45H2ASMIZMCAPN4KCCZLJB37NGMLMQQWALOBZVGT5FQRTN4QDMQ/133.c4d0aaaf80273cfd1223.js:2:1698789
    at async https://a.b.cdn.console.awsstatic.com/a/v1/V45H2ASMIZMCAPN4KCCZLJB37NGMLMQQWALOBZVGT5FQRTN4QDMQ/133.c4d0aaaf80273cfd1223.js:2:1765800
    at async XE.qE.<computed>.middlewareStack.add.step (https://a.b.cdn.console.awsstatic.com/a/v1/V45H2ASMIZMCAPN4KCCZLJB37NGMLMQQWALOBZVGT5FQRTN4QDMQ/994.d16e2f784bf1dfb06125.js:2:154543) @ https://a.b.cdn.console.awsstatic.com/a/v1/V45H2ASMIZMCAPN4KCCZLJB37NGMLMQQWALOBZVGT5FQRTN4QDMQ/133.c4d0aaaf80273cfd1223.js:1
[    2600ms] [ERROR] Failed to load resource: the server responded with a status of 400 () @ https://ce.us-east-1.amazonaws.com/:0
[    2612ms] [ERROR] DataUnavailableException: Cost Explorer was just enabled - it will take some time to prepare your cost and usage data.  Please check back in 24 hours
    at j.handleError (https://a.b.cdn.console.awsstatic.com/a/v1/V45H2ASMIZMCAPN4KCCZLJB37NGMLMQQWALOBZVGT5FQRTN4QDMQ/133.c4d0aaaf80273cfd1223.js:2:1798964)
    at async j.deserializeResponse (https://a.b.cdn.console.awsstatic.com/a/v1/V45H2ASMIZMCAPN4KCCZLJB37NGMLMQQWALOBZVGT5FQRTN4QDMQ/133.c4d0aaaf80273cfd1223.js:2:1724115)
    at async https://a.b.cdn.console.awsstatic.com/a/v1/V45H2ASMIZMCAPN4KCCZLJB37NGMLMQQWALOBZVGT5FQRTN4QDMQ/133.c4d0aaaf80273cfd1223.js:2:1706042
    at async https://a.b.cdn.console.awsstatic.com/a/v1/V45H2ASMIZMCAPN4KCCZLJB37NGMLMQQWALOBZVGT5FQRTN4QDMQ/133.c4d0aaaf80273cfd1223.js:2:1698789
    at async https://a.b.cdn.console.awsstatic.com/a/v1/V45H2ASMIZMCAPN4KCCZLJB37NGMLMQQWALOBZVGT5FQRTN4QDMQ/133.c4d0aaaf80273cfd1223.js:2:1765800
    at async XE.qE.<computed>.middlewareStack.add.step (https://a.b.cdn.console.awsstatic.com/a/v1/V45H2ASMIZMCAPN4KCCZLJB37NGMLMQQWALOBZVGT5FQRTN4QDMQ/994.d16e2f784bf1dfb06125.js:2:154543) @ https://a.b.cdn.console.awsstatic.com/a/v1/V45H2ASMIZMCAPN4KCCZLJB37NGMLMQQWALOBZVGT5FQRTN4QDMQ/133.c4d0aaaf80273cfd1223.js:1
[    2613ms] [ERROR] Failed to load resource: the server responded with a status of 400 () @ https://ce.us-east-1.amazonaws.com/:0
[    2613ms] [ERROR] Failed to load resource: the server responded with a status of 400 () @ https://ce.us-east-1.amazonaws.com/:0
[    2613ms] [ERROR] DataUnavailableException: Cost Explorer was just enabled - it will take some time to prepare your cost and usage data.  Please check back in 24 hours
    at j.handleError (https://a.b.cdn.console.awsstatic.com/a/v1/V45H2ASMIZMCAPN4KCCZLJB37NGMLMQQWALOBZVGT5FQRTN4QDMQ/133.c4d0aaaf80273cfd1223.js:2:1798964)
    at async j.deserializeResponse (https://a.b.cdn.console.awsstatic.com/a/v1/V45H2ASMIZMCAPN4KCCZLJB37NGMLMQQWALOBZVGT5FQRTN4QDMQ/133.c4d0aaaf80273cfd1223.js:2:1724115)
    at async https://a.b.cdn.console.awsstatic.com/a/v1/V45H2ASMIZMCAPN4KCCZLJB37NGMLMQQWALOBZVGT5FQRTN4QDMQ/133.c4d0aaaf80273cfd1223.js:2:1706042
    at async https://a.b.cdn.console.awsstatic.com/a/v1/V45H2ASMIZMCAPN4KCCZLJB37NGMLMQQWALOBZVGT5FQRTN4QDMQ/133.c4d0aaaf80273cfd1223.js:2:1698789
    at async https://a.b.cdn.console.awsstatic.com/a/v1/V45H2ASMIZMCAPN4KCCZLJB37NGMLMQQWALOBZVGT5FQRTN4QDMQ/133.c4d0aaaf80273cfd1223.js:2:1765800
    at async XE.qE.<computed>.middlewareStack.add.step (https://a.b.cdn.console.awsstatic.com/a/v1/V45H2ASMIZMCAPN4KCCZLJB37NGMLMQQWALOBZVGT5FQRTN4QDMQ/994.d16e2f784bf1dfb06125.js:2:154543) @ https://a.b.cdn.console.awsstatic.com/a/v1/V45H2ASMIZMCAPN4KCCZLJB37NGMLMQQWALOBZVGT5FQRTN4QDMQ/133.c4d0aaaf80273cfd1223.js:1
[    2617ms] [ERROR] DataUnavailableException: Cost Explorer was just enabled - it will take some time to prepare your cost and usage data.  Please check back in 24 hours
    at j.handleError (https://a.b.cdn.console.awsstatic.com/a/v1/V45H2ASMIZMCAPN4KCCZLJB37NGMLMQQWALOBZVGT5FQRTN4QDMQ/133.c4d0aaaf80273cfd1223.js:2:1798964)
    at async j.deserializeResponse (https://a.b.cdn.console.awsstatic.com/a/v1/V45H2ASMIZMCAPN4KCCZLJB37NGMLMQQWALOBZVGT5FQRTN4QDMQ/133.c4d0aaaf80273cfd1223.js:2:1724115)
    at async https://a.b.cdn.console.awsstatic.com/a/v1/V45H2ASMIZMCAPN4KCCZLJB37NGMLMQQWALOBZVGT5FQRTN4QDMQ/133.c4d0aaaf80273cfd1223.js:2:1706042
    at async https://a.b.cdn.console.awsstatic.com/a/v1/V45H2ASMIZMCAPN4KCCZLJB37NGMLMQQWALOBZVGT5FQRTN4QDMQ/133.c4d0aaaf80273cfd1223.js:2:1698789
    at async https://a.b.cdn.console.awsstatic.com/a/v1/V45H2ASMIZMCAPN4KCCZLJB37NGMLMQQWALOBZVGT5FQRTN4QDMQ/133.c4d0aaaf80273cfd1223.js:2:1765800
    at async XE.qE.<computed>.middlewareStack.add.step (https://a.b.cdn.console.awsstatic.com/a/v1/V45H2ASMIZMCAPN4KCCZLJB37NGMLMQQWALOBZVGT5FQRTN4QDMQ/994.d16e2f784bf1dfb06125.js:2:154543) @ https://a.b.cdn.console.awsstatic.com/a/v1/V45H2ASMIZMCAPN4KCCZLJB37NGMLMQQWALOBZVGT5FQRTN4QDMQ/133.c4d0aaaf80273cfd1223.js:1
[    2618ms] [ERROR] Failed to load resource: the server responded with a status of 400 () @ https://ce.us-east-1.amazonaws.com/:0
[    2618ms] [ERROR] Failed to load resource: the server responded with a status of 400 () @ https://ce.us-east-1.amazonaws.com/:0
[    2639ms] [ERROR] DataUnavailableException: Cost Explorer was just enabled - it will take some time to prepare your cost and usage data.  Please check back in 24 hours
    at j.handleError (https://a.b.cdn.console.awsstatic.com/a/v1/V45H2ASMIZMCAPN4KCCZLJB37NGMLMQQWALOBZVGT5FQRTN4QDMQ/133.c4d0aaaf80273cfd1223.js:2:1798964)
    at async j.deserializeResponse (https://a.b.cdn.console.awsstatic.com/a/v1/V45H2ASMIZMCAPN4KCCZLJB37NGMLMQQWALOBZVGT5FQRTN4QDMQ/133.c4d0aaaf80273cfd1223.js:2:1724115)
    at async https://a.b.cdn.console.awsstatic.com/a/v1/V45H2ASMIZMCAPN4KCCZLJB37NGMLMQQWALOBZVGT5FQRTN4QDMQ/133.c4d0aaaf80273cfd1223.js:2:1706042
    at async https://a.b.cdn.console.awsstatic.com/a/v1/V45H2ASMIZMCAPN4KCCZLJB37NGMLMQQWALOBZVGT5FQRTN4QDMQ/133.c4d0aaaf80273cfd1223.js:2:1698789
    at async https://a.b.cdn.console.awsstatic.com/a/v1/V45H2ASMIZMCAPN4KCCZLJB37NGMLMQQWALOBZVGT5FQRTN4QDMQ/133.c4d0aaaf80273cfd1223.js:2:1765800
    at async XE.qE.<computed>.middlewareStack.add.step (https://a.b.cdn.console.awsstatic.com/a/v1/V45H2ASMIZMCAPN4KCCZLJB37NGMLMQQWALOBZVGT5FQRTN4QDMQ/994.d16e2f784bf1dfb06125.js:2:154543) @ https://a.b.cdn.console.awsstatic.com/a/v1/V45H2ASMIZMCAPN4KCCZLJB37NGMLMQQWALOBZVGT5FQRTN4QDMQ/133.c4d0aaaf80273cfd1223.js:1
[    2649ms] [ERROR] Failed to load resource: the server responded with a status of 400 () @ https://ce.us-east-1.amazonaws.com/:0
[    2662ms] [ERROR] DataUnavailableException: Cost Explorer was just enabled - it will take some time to prepare your cost and usage data.  Please check back in 24 hours
    at j.handleError (https://a.b.cdn.console.awsstatic.com/a/v1/V45H2ASMIZMCAPN4KCCZLJB37NGMLMQQWALOBZVGT5FQRTN4QDMQ/133.c4d0aaaf80273cfd1223.js:2:1798964)
    at async j.deserializeResponse (https://a.b.cdn.console.awsstatic.com/a/v1/V45H2ASMIZMCAPN4KCCZLJB37NGMLMQQWALOBZVGT5FQRTN4QDMQ/133.c4d0aaaf80273cfd1223.js:2:1724115)
    at async https://a.b.cdn.console.awsstatic.com/a/v1/V45H2ASMIZMCAPN4KCCZLJB37NGMLMQQWALOBZVGT5FQRTN4QDMQ/133.c4d0aaaf80273cfd1223.js:2:1706042
    at async https://a.b.cdn.console.awsstatic.com/a/v1/V45H2ASMIZMCAPN4KCCZLJB37NGMLMQQWALOBZVGT5FQRTN4QDMQ/133.c4d0aaaf80273cfd1223.js:2:1698789
    at async https://a.b.cdn.console.awsstatic.com/a/v1/V45H2ASMIZMCAPN4KCCZLJB37NGMLMQQWALOBZVGT5FQRTN4QDMQ/133.c4d0aaaf80273cfd1223.js:2:1765800
    at async XE.qE.<computed>.middlewareStack.add.step (https://a.b.cdn.console.awsstatic.com/a/v1/V45H2ASMIZMCAPN4KCCZLJB37NGMLMQQWALOBZVGT5FQRTN4QDMQ/994.d16e2f784bf1dfb06125.js:2:154543) @ https://a.b.cdn.console.awsstatic.com/a/v1/V45H2ASMIZMCAPN4KCCZLJB37NGMLMQQWALOBZVGT5FQRTN4QDMQ/133.c4d0aaaf80273cfd1223.js:1
[    2670ms] [ERROR] DataUnavailableException: Cost Explorer was just enabled - it will take some time to prepare your cost and usage data.  Please check back in 24 hours
    at j.handleError (https://a.b.cdn.console.awsstatic.com/a/v1/V45H2ASMIZMCAPN4KCCZLJB37NGMLMQQWALOBZVGT5FQRTN4QDMQ/133.c4d0aaaf80273cfd1223.js:2:1798964)
    at async j.deserializeResponse (https://a.b.cdn.console.awsstatic.com/a/v1/V45H2ASMIZMCAPN4KCCZLJB37NGMLMQQWALOBZVGT5FQRTN4QDMQ/133.c4d0aaaf80273cfd1223.js:2:1724115)
    at async https://a.b.cdn.console.awsstatic.com/a/v1/V45H2ASMIZMCAPN4KCCZLJB37NGMLMQQWALOBZVGT5FQRTN4QDMQ/133.c4d0aaaf80273cfd1223.js:2:1706042
    at async https://a.b.cdn.console.awsstatic.com/a/v1/V45H2ASMIZMCAPN4KCCZLJB37NGMLMQQWALOBZVGT5FQRTN4QDMQ/133.c4d0aaaf80273cfd1223.js:2:1698789
    at async https://a.b.cdn.console.awsstatic.com/a/v1/V45H2ASMIZMCAPN4KCCZLJB37NGMLMQQWALOBZVGT5FQRTN4QDMQ/133.c4d0aaaf80273cfd1223.js:2:1765800
    at async XE.qE.<computed>.middlewareStack.add.step (https://a.b.cdn.console.awsstatic.com/a/v1/V45H2ASMIZMCAPN4KCCZLJB37NGMLMQQWALOBZVGT5FQRTN4QDMQ/994.d16e2f784bf1dfb06125.js:2:154543) @ https://a.b.cdn.console.awsstatic.com/a/v1/V45H2ASMIZMCAPN4KCCZLJB37NGMLMQQWALOBZVGT5FQRTN4QDMQ/133.c4d0aaaf80273cfd1223.js:1
[    2681ms] [ERROR] DataUnavailableException: Cost Explorer was just enabled - it will take some time to prepare your cost and usage data.  Please check back in 24 hours
    at j.handleError (https://a.b.cdn.console.awsstatic.com/a/v1/V45H2ASMIZMCAPN4KCCZLJB37NGMLMQQWALOBZVGT5FQRTN4QDMQ/133.c4d0aaaf80273cfd1223.js:2:1798964)
    at async j.deserializeResponse (https://a.b.cdn.console.awsstatic.com/a/v1/V45H2ASMIZMCAPN4KCCZLJB37NGMLMQQWALOBZVGT5FQRTN4QDMQ/133.c4d0aaaf80273cfd1223.js:2:1724115)
    at async https://a.b.cdn.console.awsstatic.com/a/v1/V45H2ASMIZMCAPN4KCCZLJB37NGMLMQQWALOBZVGT5FQRTN4QDMQ/133.c4d0aaaf80273cfd1223.js:2:1706042
    at async https://a.b.cdn.console.awsstatic.com/a/v1/V45H2ASMIZMCAPN4KCCZLJB37NGMLMQQWALOBZVGT5FQRTN4QDMQ/133.c4d0aaaf80273cfd1223.js:2:1698789
    at async https://a.b.cdn.console.awsstatic.com/a/v1/V45H2ASMIZMCAPN4KCCZLJB37NGMLMQQWALOBZVGT5FQRTN4QDMQ/133.c4d0aaaf80273cfd1223.js:2:1765800
    at async XE.qE.<computed>.middlewareStack.add.step (https://a.b.cdn.console.awsstatic.com/a/v1/V45H2ASMIZMCAPN4KCCZLJB37NGMLMQQWALOBZVGT5FQRTN4QDMQ/994.d16e2f784bf1dfb06125.js:2:154543) @ https://a.b.cdn.console.awsstatic.com/a/v1/V45H2ASMIZMCAPN4KCCZLJB37NGMLMQQWALOBZVGT5FQRTN4QDMQ/133.c4d0aaaf80273cfd1223.js:1
[    2692ms] [ERROR] Failed to load resource: the server responded with a status of 400 () @ https://ce.us-east-1.amazonaws.com/:0
[    2747ms] [ERROR] DataUnavailableException: Cost Explorer was just enabled - it will take some time to prepare your cost and usage data.  Please check back in 24 hours
    at j.handleError (https://a.b.cdn.console.awsstatic.com/a/v1/V45H2ASMIZMCAPN4KCCZLJB37NGMLMQQWALOBZVGT5FQRTN4QDMQ/133.c4d0aaaf80273cfd1223.js:2:1798964)
    at async j.deserializeResponse (https://a.b.cdn.console.awsstatic.com/a/v1/V45H2ASMIZMCAPN4KCCZLJB37NGMLMQQWALOBZVGT5FQRTN4QDMQ/133.c4d0aaaf80273cfd1223.js:2:1724115)
    at async https://a.b.cdn.console.awsstatic.com/a/v1/V45H2ASMIZMCAPN4KCCZLJB37NGMLMQQWALOBZVGT5FQRTN4QDMQ/133.c4d0aaaf80273cfd1223.js:2:1706042
    at async https://a.b.cdn.console.awsstatic.com/a/v1/V45H2ASMIZMCAPN4KCCZLJB37NGMLMQQWALOBZVGT5FQRTN4QDMQ/133.c4d0aaaf80273cfd1223.js:2:1698789
    at async https://a.b.cdn.console.awsstatic.com/a/v1/V45H2ASMIZMCAPN4KCCZLJB37NGMLMQQWALOBZVGT5FQRTN4QDMQ/133.c4d0aaaf80273cfd1223.js:2:1765800
    at async XE.qE.<computed>.middlewareStack.add.step (https://a.b.cdn.console.awsstatic.com/a/v1/V45H2ASMIZMCAPN4KCCZLJB37NGMLMQQWALOBZVGT5FQRTN4QDMQ/994.d16e2f784bf1dfb06125.js:2:154543) @ https://a.b.cdn.console.awsstatic.com/a/v1/V45H2ASMIZMCAPN4KCCZLJB37NGMLMQQWALOBZVGT5FQRTN4QDMQ/133.c4d0aaaf80273cfd1223.js:1
[    3312ms] [WARNING] Failed to load i18n formatter Error: Cannot find module 'https://a.b.cdn.console.awsstatic.com/a/v1/FFHYET6S5NIV3FJ3FAB6QKMVZQMGVRV245ITY4UDEPIM73NERCSQ/i18n/all.en.js'
    at https://a.b.cdn.console.awsstatic.com/a/v1/V45H2ASMIZMCAPN4KCCZLJB37NGMLMQQWALOBZVGT5FQRTN4QDMQ/163.db674688cb43d6da325c.js:1:168 @ https://a.b.cdn.console.awsstatic.com/a/v1/V45H2ASMIZMCAPN4KCCZLJB37NGMLMQQWALOBZVGT5FQRTN4QDMQ/133.c4d0aaaf80273cfd1223.js:1
[    4787ms] [WARNING] AWSC.Clog is not available. @ https://a.b.cdn.console.awsstatic.com/a/v1/BWK3BDW6H5HMZ6LMDM4L4HSKUMRMB5DVFZP4E44CYZ66OJRDD3GQ/assets/module-CFtYEoHi.js:2524
[    4881ms] [WARNING] Event does not contain a MessageChannel port, therefore unable to call postMessage with errorType: INVALID_REQUEST @ https://global.console.aws.amazon.com/lotus/csp/@amzn/aws-ccx-regions-availability/1/iFrame.html?packageName=%40amzn%2Faws-ccx-regions-availability&majorVersion=1&versionId=58a1b7f1-cc4b-433a-aef4-185c77ac7564:119
[    4881ms] [WARNING] Event does not contain a MessageChannel port, therefore unable to call postMessage with errorType: INVALID_REQUEST @ https://global.console.aws.amazon.com/lotus/csp/@amzn/aws-paddy-nav-widget/1/iFrame.html?packageName=%40amzn%2Faws-paddy-nav-widget&majorVersion=1&versionId=aa6026cc-0504-4e41-b6a7-e464602341b2:119
[    4977ms] [WARNING] Event does not contain a MessageChannel port, therefore unable to call postMessage with errorType: INVALID_REQUEST @ https://global.console.aws.amazon.com/lotus/csp/@amzn/aws-ccx-regions-availability/1/iFrame.html?packageName=%40amzn%2Faws-ccx-regions-availability&majorVersion=1&versionId=58a1b7f1-cc4b-433a-aef4-185c77ac7564:119
[    4977ms] [WARNING] Event does not contain a MessageChannel port, therefore unable to call postMessage with errorType: INVALID_REQUEST @ https://global.console.aws.amazon.com/lotus/csp/@amzn/aws-paddy-nav-widget/1/iFrame.html?packageName=%40amzn%2Faws-paddy-nav-widget&majorVersion=1&versionId=aa6026cc-0504-4e41-b6a7-e464602341b2:119
[    6155ms] [ERROR] Failed to load resource: the server responded with a status of 403 () @ https://q.us-east-1.amazonaws.com/identity/metadata:0
[    6239ms] [ERROR] Failed to load resource: the server responded with a status of 403 () @ https://q.eu-central-1.amazonaws.com/identity/metadata:0
