[    2588ms] [ERROR] [TangerineBox] Telemetry configuration is missing. Error: Error: Session data meta tag not found @ https://a.b.cdn.console.awsstatic.com/a/v1/CEQ753HGI4VIEBGCDVTGJAUVQGBTUEBLQAPUZKXOPUCG73VLELWQ/4f9d21011c2f449797c97ad39e28d981db54e8abc2d447ce9b3129dbc8be99c4.js:1
[    2589ms] [ERROR] [TangerineBox] Telemetry configuration is missing. Error: Error: Session data meta tag not found @ https://a.b.cdn.console.awsstatic.com/a/v1/CEQ753HGI4VIEBGCDVTGJAUVQGBTUEBLQAPUZKXOPUCG73VLELWQ/4f9d21011c2f449797c97ad39e28d981db54e8abc2d447ce9b3129dbc8be99c4.js:1
[    2593ms] [LOG] Error: failed to parse meta tag awsc-session-data
    at x (https://a.b.cdn.console.awsstatic.com/a/v1/CEQ753HGI4VIEBGCDVTGJAUVQGBTUEBLQAPUZKXOPUCG73VLELWQ/4f9d21011c2f449797c97ad39e28d981db54e8abc2d447ce9b3129dbc8be99c4.js:2:20414)
    at F.parseSessionDataMetaTag (https://a.b.cdn.console.awsstatic.com/a/v1/CEQ753HGI4VIEBGCDVTGJAUVQGBTUEBLQAPUZKXOPUCG73VLELWQ/4f9d21011c2f449797c97ad39e28d981db54e8abc2d447ce9b3129dbc8be99c4.js:2:21726)
    at new F (https://a.b.cdn.console.awsstatic.com/a/v1/CEQ753HGI4VIEBGCDVTGJAUVQGBTUEBLQAPUZKXOPUCG73VLELWQ/4f9d21011c2f449797c97ad39e28d981db54e8abc2d447ce9b3129dbc8be99c4.js:2:21189)
    at F.getInstance (https://a.b.cdn.console.awsstatic.com/a/v1/CEQ753HGI4VIEBGCDVTGJAUVQGBTUEBLQAPUZKXOPUCG73VLELWQ/4f9d21011c2f449797c97ad39e28d981db54e8abc2d447ce9b3129dbc8be99c4.js:2:21307)
    at j.getInstance (https://a.b.cdn.console.awsstatic.com/a/v1/CEQ753HGI4VIEBGCDVTGJAUVQGBTUEBLQAPUZKXOPUCG73VLELWQ/4f9d21011c2f449797c97ad39e28d981db54e8abc2d447ce9b3129dbc8be99c4.js:2:23908)
    at Ce (https://a.b.cdn.console.awsstatic.com/a/v1/CEQ753HGI4VIEBGCDVTGJAUVQGBTUEBLQAPUZKXOPUCG73VLELWQ/4f9d21011c2f449797c97ad39e28d981db54e8abc2d447ce9b3129dbc8be99c4.js:2:28828)
    at Hs.setupLocals (https://a.b.cdn.console.awsstatic.com/a/v1/CEQ753HGI4VIEBGCDVTGJAUVQGBTUEBLQAPUZKXOPUCG73VLELWQ/4f9d21011c2f449797c97ad39e28d981db54e8abc2d447ce9b3129dbc8be99c4.js:4:84470)
    at new Hs (https://a.b.cdn.console.awsstatic.com/a/v1/CEQ753HGI4VIEBGCDVTGJAUVQGBTUEBLQAPUZKXOPUCG73VLELWQ/4f9d21011c2f449797c97ad39e28d981db54e8abc2d447ce9b3129dbc8be99c4.js:4:78460)
    at qs.createNewNamespace (https://a.b.cdn.console.awsstatic.com/a/v1/CEQ753HGI4VIEBGCDVTGJAUVQGBTUEBLQAPUZKXOPUCG73VLELWQ/4f9d21011c2f449797c97ad39e28d981db54e8abc2d447ce9b3129dbc8be99c4.js:4:103269)
    at qs.applyAsyncFunction (https://a.b.cdn.console.awsstatic.com/a/v1/CEQ753HGI4VIEBGCDVTGJAUVQGBTUEBLQAPUZKXOPUCG73VLELWQ/4f9d21011c2f449797c97ad39e28d981db54e8abc2d447ce9b3129dbc8be99c4.js:4:104353) @ https://a.b.cdn.console.awsstatic.com/a/v1/CEQ753HGI4VIEBGCDVTGJAUVQGBTUEBLQAPUZKXOPUCG73VLELWQ/4f9d21011c2f449797c97ad39e28d981db54e8abc2d447ce9b3129dbc8be99c4.js:1
[    2593ms] [WARNING] Unable to parse the data using legacy methods @ https://a.b.cdn.console.awsstatic.com/a/v1/CEQ753HGI4VIEBGCDVTGJAUVQGBTUEBLQAPUZKXOPUCG73VLELWQ/4f9d21011c2f449797c97ad39e28d981db54e8abc2d447ce9b3129dbc8be99c4.js:1
[    2593ms] [ERROR] Couldn't determine console domain and dual-stack values. @ https://a.b.cdn.console.awsstatic.com/a/v1/CEQ753HGI4VIEBGCDVTGJAUVQGBTUEBLQAPUZKXOPUCG73VLELWQ/4f9d21011c2f449797c97ad39e28d981db54e8abc2d447ce9b3129dbc8be99c4.js:1
[    3218ms] [ERROR] Failed to load resource: net::ERR_INVALID_URL @ data:application/x-font-woff;base64,awsui-base64-content("./components/styles/src/sass/typography/fonts/ember/400-normal.woff"):0
[    3466ms] [ERROR] Failed to load resource: net::ERR_INVALID_URL @ data:application/x-font-woff;base64,awsui-base64-content("./components/styles/src/sass/typography/fonts/ember/700-normal.woff"):0
[  126326ms] [ERROR] Failed to load resource: net::ERR_INVALID_URL @ data:application/x-font-woff;base64,awsui-base64-content("./components/styles/src/sass/typography/fonts/ember/400-italic.woff"):0
[  143295ms] [ERROR] [TangerineBox] Telemetry configuration is missing. Error: Error: Session data meta tag not found @ https://a.b.cdn.console.awsstatic.com/a/v1/CEQ753HGI4VIEBGCDVTGJAUVQGBTUEBLQAPUZKXOPUCG73VLELWQ/4f9d21011c2f449797c97ad39e28d981db54e8abc2d447ce9b3129dbc8be99c4.js:1
[  143296ms] [ERROR] [TangerineBox] Telemetry configuration is missing. Error: Error: Session data meta tag not found @ https://a.b.cdn.console.awsstatic.com/a/v1/CEQ753HGI4VIEBGCDVTGJAUVQGBTUEBLQAPUZKXOPUCG73VLELWQ/4f9d21011c2f449797c97ad39e28d981db54e8abc2d447ce9b3129dbc8be99c4.js:1
[  143298ms] [LOG] Error: failed to parse meta tag awsc-session-data
    at x (https://a.b.cdn.console.awsstatic.com/a/v1/CEQ753HGI4VIEBGCDVTGJAUVQGBTUEBLQAPUZKXOPUCG73VLELWQ/4f9d21011c2f449797c97ad39e28d981db54e8abc2d447ce9b3129dbc8be99c4.js:2:20414)
    at F.parseSessionDataMetaTag (https://a.b.cdn.console.awsstatic.com/a/v1/CEQ753HGI4VIEBGCDVTGJAUVQGBTUEBLQAPUZKXOPUCG73VLELWQ/4f9d21011c2f449797c97ad39e28d981db54e8abc2d447ce9b3129dbc8be99c4.js:2:21726)
    at new F (https://a.b.cdn.console.awsstatic.com/a/v1/CEQ753HGI4VIEBGCDVTGJAUVQGBTUEBLQAPUZKXOPUCG73VLELWQ/4f9d21011c2f449797c97ad39e28d981db54e8abc2d447ce9b3129dbc8be99c4.js:2:21189)
    at F.getInstance (https://a.b.cdn.console.awsstatic.com/a/v1/CEQ753HGI4VIEBGCDVTGJAUVQGBTUEBLQAPUZKXOPUCG73VLELWQ/4f9d21011c2f449797c97ad39e28d981db54e8abc2d447ce9b3129dbc8be99c4.js:2:21307)
    at j.getInstance (https://a.b.cdn.console.awsstatic.com/a/v1/CEQ753HGI4VIEBGCDVTGJAUVQGBTUEBLQAPUZKXOPUCG73VLELWQ/4f9d21011c2f449797c97ad39e28d981db54e8abc2d447ce9b3129dbc8be99c4.js:2:23908)
    at Ce (https://a.b.cdn.console.awsstatic.com/a/v1/CEQ753HGI4VIEBGCDVTGJAUVQGBTUEBLQAPUZKXOPUCG73VLELWQ/4f9d21011c2f449797c97ad39e28d981db54e8abc2d447ce9b3129dbc8be99c4.js:2:28828)
    at Hs.setupLocals (https://a.b.cdn.console.awsstatic.com/a/v1/CEQ753HGI4VIEBGCDVTGJAUVQGBTUEBLQAPUZKXOPUCG73VLELWQ/4f9d21011c2f449797c97ad39e28d981db54e8abc2d447ce9b3129dbc8be99c4.js:4:84470)
    at new Hs (https://a.b.cdn.console.awsstatic.com/a/v1/CEQ753HGI4VIEBGCDVTGJAUVQGBTUEBLQAPUZKXOPUCG73VLELWQ/4f9d21011c2f449797c97ad39e28d981db54e8abc2d447ce9b3129dbc8be99c4.js:4:78460)
    at qs.createNewNamespace (https://a.b.cdn.console.awsstatic.com/a/v1/CEQ753HGI4VIEBGCDVTGJAUVQGBTUEBLQAPUZKXOPUCG73VLELWQ/4f9d21011c2f449797c97ad39e28d981db54e8abc2d447ce9b3129dbc8be99c4.js:4:103269)
    at qs.applyAsyncFunction (https://a.b.cdn.console.awsstatic.com/a/v1/CEQ753HGI4VIEBGCDVTGJAUVQGBTUEBLQAPUZKXOPUCG73VLELWQ/4f9d21011c2f449797c97ad39e28d981db54e8abc2d447ce9b3129dbc8be99c4.js:4:104353) @ https://a.b.cdn.console.awsstatic.com/a/v1/CEQ753HGI4VIEBGCDVTGJAUVQGBTUEBLQAPUZKXOPUCG73VLELWQ/4f9d21011c2f449797c97ad39e28d981db54e8abc2d447ce9b3129dbc8be99c4.js:1
[  143298ms] [WARNING] Unable to parse the data using legacy methods @ https://a.b.cdn.console.awsstatic.com/a/v1/CEQ753HGI4VIEBGCDVTGJAUVQGBTUEBLQAPUZKXOPUCG73VLELWQ/4f9d21011c2f449797c97ad39e28d981db54e8abc2d447ce9b3129dbc8be99c4.js:1
[  143298ms] [ERROR] Couldn't determine console domain and dual-stack values. @ https://a.b.cdn.console.awsstatic.com/a/v1/CEQ753HGI4VIEBGCDVTGJAUVQGBTUEBLQAPUZKXOPUCG73VLELWQ/4f9d21011c2f449797c97ad39e28d981db54e8abc2d447ce9b3129dbc8be99c4.js:1
